<?xml version="1.0" encoding="UTF-8"?>
<testng-results ignored="0" total="2" passed="2" failed="0" skipped="0">
  <reporter-output>
  </reporter-output>
  <suite started-at="2019-05-23T18:44:15Z" name="Surefire suite" finished-at="2019-05-23T18:44:28Z" duration-ms="13189">
    <groups>
    </groups>
    <test started-at="2019-05-23T18:44:15Z" name="Surefire test" finished-at="2019-05-23T18:44:28Z" duration-ms="13189">
      <class name="ru.rencredit.FirstTest">
        <test-method is-config="true" signature="setUp()[pri:0, instance:ru.rencredit.FirstTest@585c13de]" started-at="2019-05-23T18:44:15Z" name="setUp" finished-at="2019-05-23T18:44:19Z" duration-ms="4323" status="PASS">
          <reporter-output>
          </reporter-output>
        </test-method> <!-- setUp -->
        <test-method signature="createDeposit()[pri:0, instance:ru.rencredit.FirstTest@585c13de]" started-at="2019-05-23T18:44:19Z" name="createDeposit" finished-at="2019-05-23T18:44:24Z" duration-ms="4473" status="PASS">
          <reporter-output>
          </reporter-output>
        </test-method> <!-- createDeposit -->
        <test-method signature="getCard()[pri:0, instance:ru.rencredit.FirstTest@585c13de]" started-at="2019-05-23T18:44:24Z" name="getCard" finished-at="2019-05-23T18:44:27Z" duration-ms="3454" status="PASS">
          <reporter-output>
          </reporter-output>
        </test-method> <!-- getCard -->
        <test-method is-config="true" signature="tearDown()[pri:0, instance:ru.rencredit.FirstTest@585c13de]" started-at="2019-05-23T18:44:28Z" name="tearDown" finished-at="2019-05-23T18:44:28Z" duration-ms="692" status="PASS">
          <reporter-output>
          </reporter-output>
        </test-method> <!-- tearDown -->
      </class> <!-- ru.rencredit.FirstTest -->
    </test> <!-- Surefire test -->
  </suite> <!-- Surefire suite -->
</testng-results>
