<?xml version="1.0" encoding="UTF-8"?>
<testsuite xmlns:xsi="http://www.w3.org/2001/XMLSchema-instance" xsi:noNamespaceSchemaLocation="https://maven.apache.org/surefire/maven-surefire-plugin/xsd/surefire-test-report.xsd" name="ru.rencredit.FirstTest" time="14.425" tests="2" errors="0" skipped="0" failures="0">
  <properties>
[...]
</properties>
  <testcase name="createDeposit" classname="ru.rencredit.FirstTest" time="4.474"/>
  <testcase name="getCard" classname="ru.rencredit.FirstTest" time="3.455"/>
</testsuite>